0 info it worked if it ends with ok
1 verbose cli [ 'C:\\Program Files\\nodejs\\node.exe',
1 verbose cli   'C:\\Program Files\\nodejs\\node_modules\\npm\\bin\\npm-cli.js',
1 verbose cli   'install',
1 verbose cli   '--save-dev',
1 verbose cli   'gmsmith',
1 verbose cli   'gulp-spritesmith',
1 verbose cli   'my-engine-smith@latest' ]
2 info using npm@3.10.3
3 info using node@v6.5.0
4 silly loadCurrentTree Starting
5 silly install loadCurrentTree
6 silly install readLocalPackageData
7 silly fetchPackageMetaData gmsmith
8 silly fetchPackageMetaData gulp-spritesmith@^6.2.1
9 silly fetchPackageMetaData my-engine-smith@latest
10 silly fetchNamedPackageData gulp-spritesmith
11 silly mapToRegistry name gulp-spritesmith
12 silly mapToRegistry using default registry
13 silly mapToRegistry registry https://registry.npmjs.org/
14 silly mapToRegistry data Result {
14 silly mapToRegistry   raw: 'gulp-spritesmith',
14 silly mapToRegistry   scope: null,
14 silly mapToRegistry   escapedName: 'gulp-spritesmith',
14 silly mapToRegistry   name: 'gulp-spritesmith',
14 silly mapToRegistry   rawSpec: '',
14 silly mapToRegistry   spec: 'latest',
14 silly mapToRegistry   type: 'tag' }
15 silly mapToRegistry uri https://registry.npmjs.org/gulp-spritesmith
16 silly fetchNamedPackageData gmsmith
17 silly mapToRegistry name gmsmith
18 silly mapToRegistry using default registry
19 silly mapToRegistry registry https://registry.npmjs.org/
20 silly mapToRegistry data Result {
20 silly mapToRegistry   raw: 'gmsmith',
20 silly mapToRegistry   scope: null,
20 silly mapToRegistry   escapedName: 'gmsmith',
20 silly mapToRegistry   name: 'gmsmith',
20 silly mapToRegistry   rawSpec: '',
20 silly mapToRegistry   spec: 'latest',
20 silly mapToRegistry   type: 'tag' }
21 silly mapToRegistry uri https://registry.npmjs.org/gmsmith
22 silly fetchNamedPackageData my-engine-smith
23 silly mapToRegistry name my-engine-smith
24 silly mapToRegistry using default registry
25 silly mapToRegistry registry https://registry.npmjs.org/
26 silly mapToRegistry data Result {
26 silly mapToRegistry   raw: 'my-engine-smith',
26 silly mapToRegistry   scope: null,
26 silly mapToRegistry   escapedName: 'my-engine-smith',
26 silly mapToRegistry   name: 'my-engine-smith',
26 silly mapToRegistry   rawSpec: '',
26 silly mapToRegistry   spec: 'latest',
26 silly mapToRegistry   type: 'tag' }
27 silly mapToRegistry uri https://registry.npmjs.org/my-engine-smith
28 verbose request uri https://registry.npmjs.org/my-engine-smith
29 verbose request no auth needed
30 info attempt registry request try #1 at 18:19:49
31 verbose request id 4508543f0e819c4f
32 http request GET https://registry.npmjs.org/my-engine-smith
33 verbose request uri https://registry.npmjs.org/gmsmith
34 verbose request no auth needed
35 info attempt registry request try #1 at 18:19:50
36 verbose etag W/"572fb689-b334"
37 verbose lastModified Sun, 08 May 2016 21:58:33 GMT
38 http request GET https://registry.npmjs.org/gmsmith
39 verbose request uri https://registry.npmjs.org/gulp-spritesmith
40 verbose request no auth needed
41 info attempt registry request try #1 at 18:19:50
42 verbose etag W/"582050b6-1672"
43 verbose lastModified Mon, 07 Nov 2016 10:00:22 GMT
44 http request GET https://registry.npmjs.org/gulp-spritesmith
45 http 304 https://registry.npmjs.org/gmsmith
46 verbose headers { date: 'Fri, 25 Nov 2016 16:19:46 GMT',
46 verbose headers   via: '1.1 varnish',
46 verbose headers   'cache-control': 'max-age=300',
46 verbose headers   etag: 'W/"572fb689-b334"',
46 verbose headers   age: '17',
46 verbose headers   connection: 'keep-alive',
46 verbose headers   'x-served-by': 'cache-ams4137-AMS',
46 verbose headers   'x-cache': 'HIT',
46 verbose headers   'x-cache-hits': '1',
46 verbose headers   'x-timer': 'S1480090786.280331,VS0,VE0',
46 verbose headers   vary: 'Accept-Encoding' }
47 silly get cb [ 304,
47 silly get   { date: 'Fri, 25 Nov 2016 16:19:46 GMT',
47 silly get     via: '1.1 varnish',
47 silly get     'cache-control': 'max-age=300',
47 silly get     etag: 'W/"572fb689-b334"',
47 silly get     age: '17',
47 silly get     connection: 'keep-alive',
47 silly get     'x-served-by': 'cache-ams4137-AMS',
47 silly get     'x-cache': 'HIT',
47 silly get     'x-cache-hits': '1',
47 silly get     'x-timer': 'S1480090786.280331,VS0,VE0',
47 silly get     vary: 'Accept-Encoding' } ]
48 verbose etag https://registry.npmjs.org/gmsmith from cache
49 verbose get saving gmsmith to C:\Users\Shalex\AppData\Roaming\npm-cache\registry.npmjs.org\gmsmith\.cache.json
50 verbose correctMkdir C:\Users\Shalex\AppData\Roaming\npm-cache correctMkdir not in flight; initializing
51 http 304 https://registry.npmjs.org/gulp-spritesmith
52 verbose headers { date: 'Fri, 25 Nov 2016 16:19:46 GMT',
52 verbose headers   via: '1.1 varnish',
52 verbose headers   'cache-control': 'max-age=300',
52 verbose headers   etag: 'W/"582050b6-1672"',
52 verbose headers   age: '0',
52 verbose headers   connection: 'keep-alive',
52 verbose headers   'x-served-by': 'cache-ams4433-AMS',
52 verbose headers   'x-cache': 'MISS',
52 verbose headers   'x-cache-hits': '0',
52 verbose headers   'x-timer': 'S1480090786.283485,VS0,VE7',
52 verbose headers   vary: 'Accept-Encoding' }
53 silly get cb [ 304,
53 silly get   { date: 'Fri, 25 Nov 2016 16:19:46 GMT',
53 silly get     via: '1.1 varnish',
53 silly get     'cache-control': 'max-age=300',
53 silly get     etag: 'W/"582050b6-1672"',
53 silly get     age: '0',
53 silly get     connection: 'keep-alive',
53 silly get     'x-served-by': 'cache-ams4433-AMS',
53 silly get     'x-cache': 'MISS',
53 silly get     'x-cache-hits': '0',
53 silly get     'x-timer': 'S1480090786.283485,VS0,VE7',
53 silly get     vary: 'Accept-Encoding' } ]
54 verbose etag https://registry.npmjs.org/gulp-spritesmith from cache
55 verbose get saving gulp-spritesmith to C:\Users\Shalex\AppData\Roaming\npm-cache\registry.npmjs.org\gulp-spritesmith\.cache.json
56 verbose correctMkdir C:\Users\Shalex\AppData\Roaming\npm-cache correctMkdir already in flight; waiting
57 silly fetchNamedPackageData No valid target from cache, forcing network
58 verbose request uri https://registry.npmjs.org/gulp-spritesmith
59 verbose request no auth needed
60 info attempt registry request try #1 at 18:19:50
61 http request GET https://registry.npmjs.org/gulp-spritesmith
62 http 200 https://registry.npmjs.org/gulp-spritesmith
63 verbose headers { server: 'nginx/1.10.1',
63 verbose headers   'content-type': 'application/json',
63 verbose headers   'last-modified': 'Mon, 07 Nov 2016 10:00:22 GMT',
63 verbose headers   etag: 'W/"582050b6-1672"',
63 verbose headers   'content-encoding': 'gzip',
63 verbose headers   'cache-control': 'max-age=300',
63 verbose headers   'content-length': '1593',
63 verbose headers   'accept-ranges': 'bytes',
63 verbose headers   date: 'Fri, 25 Nov 2016 16:19:46 GMT',
63 verbose headers   via: '1.1 varnish',
63 verbose headers   age: '0',
63 verbose headers   connection: 'keep-alive',
63 verbose headers   'x-served-by': 'cache-ams4137-AMS',
63 verbose headers   'x-cache': 'HIT',
63 verbose headers   'x-cache-hits': '1',
63 verbose headers   'x-timer': 'S1480090786.405202,VS0,VE0',
63 verbose headers   vary: 'Accept-Encoding' }
64 silly get cb [ 200,
64 silly get   { server: 'nginx/1.10.1',
64 silly get     'content-type': 'application/json',
64 silly get     'last-modified': 'Mon, 07 Nov 2016 10:00:22 GMT',
64 silly get     etag: 'W/"582050b6-1672"',
64 silly get     'content-encoding': 'gzip',
64 silly get     'cache-control': 'max-age=300',
64 silly get     'content-length': '1593',
64 silly get     'accept-ranges': 'bytes',
64 silly get     date: 'Fri, 25 Nov 2016 16:19:46 GMT',
64 silly get     via: '1.1 varnish',
64 silly get     age: '0',
64 silly get     connection: 'keep-alive',
64 silly get     'x-served-by': 'cache-ams4137-AMS',
64 silly get     'x-cache': 'HIT',
64 silly get     'x-cache-hits': '1',
64 silly get     'x-timer': 'S1480090786.405202,VS0,VE0',
64 silly get     vary: 'Accept-Encoding' } ]
65 verbose get saving gulp-spritesmith to C:\Users\Shalex\AppData\Roaming\npm-cache\registry.npmjs.org\gulp-spritesmith\.cache.json
66 verbose correctMkdir C:\Users\Shalex\AppData\Roaming\npm-cache correctMkdir not in flight; initializing
67 silly fetchPackageMetaData Error: No compatible version found: gulp-spritesmith@^6.2.1
67 silly fetchPackageMetaData Valid install targets:
67 silly fetchPackageMetaData 0.0.2, 0.0.1, 0.0.0
67 silly fetchPackageMetaData
67 silly fetchPackageMetaData     at pickVersionFromRegistryDocument (C:\Program Files\nodejs\node_modules\npm\lib\fetch-package-metadata.js:170:16)
67 silly fetchPackageMetaData     at C:\Program Files\nodejs\node_modules\npm\node_modules\iferr\index.js:13:50
67 silly fetchPackageMetaData     at C:\Program Files\nodejs\node_modules\npm\lib\utils\pulse-till-done.js:20:8
67 silly fetchPackageMetaData     at saved (C:\Program Files\nodejs\node_modules\npm\lib\cache\caching-client.js:174:7)
67 silly fetchPackageMetaData     at C:\Program Files\nodejs\node_modules\npm\node_modules\graceful-fs\polyfills.js:210:7
67 silly fetchPackageMetaData     at FSReqWrap.oncomplete (fs.js:123:15)
67 silly fetchPackageMetaData  error for gulp-spritesmith@^6.2.1 Error: No compatible version found: gulp-spritesmith@^6.2.1
67 silly fetchPackageMetaData Valid install targets:
67 silly fetchPackageMetaData 0.0.2, 0.0.1, 0.0.0
67 silly fetchPackageMetaData
67 silly fetchPackageMetaData     at pickVersionFromRegistryDocument (C:\Program Files\nodejs\node_modules\npm\lib\fetch-package-metadata.js:170:16)
67 silly fetchPackageMetaData     at C:\Program Files\nodejs\node_modules\npm\node_modules\iferr\index.js:13:50
67 silly fetchPackageMetaData     at C:\Program Files\nodejs\node_modules\npm\lib\utils\pulse-till-done.js:20:8
67 silly fetchPackageMetaData     at saved (C:\Program Files\nodejs\node_modules\npm\lib\cache\caching-client.js:174:7)
67 silly fetchPackageMetaData     at C:\Program Files\nodejs\node_modules\npm\node_modules\graceful-fs\polyfills.js:210:7
67 silly fetchPackageMetaData     at FSReqWrap.oncomplete (fs.js:123:15)
68 http 404 https://registry.npmjs.org/my-engine-smith
69 verbose headers { 'content-type': 'application/json',
69 verbose headers   'cache-control': 'max-age=0',
69 verbose headers   'content-length': '2',
69 verbose headers   'accept-ranges': 'bytes',
69 verbose headers   date: 'Fri, 25 Nov 2016 16:19:46 GMT',
69 verbose headers   via: '1.1 varnish',
69 verbose headers   age: '0',
69 verbose headers   connection: 'keep-alive',
69 verbose headers   'x-served-by': 'cache-ams4127-AMS',
69 verbose headers   'x-cache': 'MISS',
69 verbose headers   'x-cache-hits': '0',
69 verbose headers   'x-timer': 'S1480090786.282415,VS0,VE696',
69 verbose headers   vary: 'Accept-Encoding' }
70 silly get cb [ 404,
70 silly get   { 'content-type': 'application/json',
70 silly get     'cache-control': 'max-age=0',
70 silly get     'content-length': '2',
70 silly get     'accept-ranges': 'bytes',
70 silly get     date: 'Fri, 25 Nov 2016 16:19:46 GMT',
70 silly get     via: '1.1 varnish',
70 silly get     age: '0',
70 silly get     connection: 'keep-alive',
70 silly get     'x-served-by': 'cache-ams4127-AMS',
70 silly get     'x-cache': 'MISS',
70 silly get     'x-cache-hits': '0',
70 silly get     'x-timer': 'S1480090786.282415,VS0,VE696',
70 silly get     vary: 'Accept-Encoding' } ]
71 silly fetchPackageMetaData Error: Registry returned 404 for GET on https://registry.npmjs.org/my-engine-smith
71 silly fetchPackageMetaData     at makeError (C:\Program Files\nodejs\node_modules\npm\node_modules\npm-registry-client\lib\request.js:264:12)
71 silly fetchPackageMetaData     at CachingRegistryClient.<anonymous> (C:\Program Files\nodejs\node_modules\npm\node_modules\npm-registry-client\lib\request.js:242:14)
71 silly fetchPackageMetaData     at Request._callback (C:\Program Files\nodejs\node_modules\npm\node_modules\npm-registry-client\lib\request.js:172:14)
71 silly fetchPackageMetaData     at Request.self.callback (C:\Program Files\nodejs\node_modules\npm\node_modules\request\request.js:200:22)
71 silly fetchPackageMetaData     at emitTwo (events.js:106:13)
71 silly fetchPackageMetaData     at Request.emit (events.js:191:7)
71 silly fetchPackageMetaData     at Request.<anonymous> (C:\Program Files\nodejs\node_modules\npm\node_modules\request\request.js:1067:10)
71 silly fetchPackageMetaData     at emitOne (events.js:101:20)
71 silly fetchPackageMetaData     at Request.emit (events.js:188:7)
71 silly fetchPackageMetaData     at IncomingMessage.<anonymous> (C:\Program Files\nodejs\node_modules\npm\node_modules\request\request.js:988:12)
71 silly fetchPackageMetaData  error for my-engine-smith@latest { Error: Registry returned 404 for GET on https://registry.npmjs.org/my-engine-smith
71 silly fetchPackageMetaData     at makeError (C:\Program Files\nodejs\node_modules\npm\node_modules\npm-registry-client\lib\request.js:264:12)
71 silly fetchPackageMetaData     at CachingRegistryClient.<anonymous> (C:\Program Files\nodejs\node_modules\npm\node_modules\npm-registry-client\lib\request.js:242:14)
71 silly fetchPackageMetaData     at Request._callback (C:\Program Files\nodejs\node_modules\npm\node_modules\npm-registry-client\lib\request.js:172:14)
71 silly fetchPackageMetaData     at Request.self.callback (C:\Program Files\nodejs\node_modules\npm\node_modules\request\request.js:200:22)
71 silly fetchPackageMetaData     at emitTwo (events.js:106:13)
71 silly fetchPackageMetaData     at Request.emit (events.js:191:7)
71 silly fetchPackageMetaData     at Request.<anonymous> (C:\Program Files\nodejs\node_modules\npm\node_modules\request\request.js:1067:10)
71 silly fetchPackageMetaData     at emitOne (events.js:101:20)
71 silly fetchPackageMetaData     at Request.emit (events.js:188:7)
71 silly fetchPackageMetaData     at IncomingMessage.<anonymous> (C:\Program Files\nodejs\node_modules\npm\node_modules\request\request.js:988:12) pkgid: 'my-engine-smith', statusCode: 404, code: 'E404' }
72 silly rollbackFailedOptional Starting
73 silly rollbackFailedOptional Finishing
74 silly runTopLevelLifecycles Starting
75 silly runTopLevelLifecycles Finishing
76 silly install printInstalled
77 verbose stack Error: No compatible version found: gulp-spritesmith@^6.2.1
77 verbose stack Valid install targets:
77 verbose stack 0.0.2, 0.0.1, 0.0.0
77 verbose stack
77 verbose stack     at pickVersionFromRegistryDocument (C:\Program Files\nodejs\node_modules\npm\lib\fetch-package-metadata.js:170:16)
77 verbose stack     at C:\Program Files\nodejs\node_modules\npm\node_modules\iferr\index.js:13:50
77 verbose stack     at C:\Program Files\nodejs\node_modules\npm\lib\utils\pulse-till-done.js:20:8
77 verbose stack     at saved (C:\Program Files\nodejs\node_modules\npm\lib\cache\caching-client.js:174:7)
77 verbose stack     at C:\Program Files\nodejs\node_modules\npm\node_modules\graceful-fs\polyfills.js:210:7
77 verbose stack     at FSReqWrap.oncomplete (fs.js:123:15)
78 verbose cwd E:\GO IT - FRONTEND5\js-homework\js-homework\js-finalExam
79 error Windows_NT 6.1.7601
80 error argv "C:\\Program Files\\nodejs\\node.exe" "C:\\Program Files\\nodejs\\node_modules\\npm\\bin\\npm-cli.js" "install" "--save-dev" "gmsmith" "gulp-spritesmith" "my-engine-smith@latest"
81 error node v6.5.0
82 error npm  v3.10.3
83 error No compatible version found: gulp-spritesmith@^6.2.1
83 error Valid install targets:
83 error 0.0.2, 0.0.1, 0.0.0
84 error If you need help, you may report this error at:
84 error     <https://github.com/npm/npm/issues>
85 verbose exit [ 1, true ]
